<Event xmlns="http://schemas.microsoft.com/win/2004/08/events/event"><System><Provider Name="Microsoft-Windows-Sysmon" Guid="{5770385F-C22A-43E0-BF4C-06F5698FFBD9}" /><EventID>22</EventID><Version>5</Version><Level>4</Level><Task>22</Task><Opcode>0</Opcode><Keywords>0x8000000000000000</Keywords><TimeCreated SystemTime="2024-08-09T15:43:58.000000000Z" /><EventRecordID>13203</EventRecordID><Correlation /><Execution ProcessID="3500" ThreadID="1904" /><Channel>Microsoft-Windows-Sysmon/Operational</Channel><Computer>host82</Computer><Security UserID="S-1-5-18" /></System><EventData><Data Name="RuleName">-</Data><Data Name="UtcTime">2024-08-09 15:43:58.000</Data><Data Name="ProcessGuid">{ff9115ad-7aff-6078-4000-000000002c00}</Data><Data Name="ProcessId">3292</Data><Data Name="QueryName">muhqlytivnwcnbrlcqpw.defcon.org</Data><Data Name="QueryStatus">0</Data><Data Name="QueryResults">1.1.1.1</Data><Data Name="Image">C:\Program Files\Supercharger Controller\Mtg.Supercharger.ControllerService.exe</Data></EventData></Event>
<Event xmlns="http://schemas.microsoft.com/win/2004/08/events/event"><System><Provider Name="Microsoft-Windows-Sysmon" Guid="{5770385F-C22A-43E0-BF4C-06F5698FFBD9}" /><EventID>22</EventID><Version>5</Version><Level>4</Level><Task>22</Task><Opcode>0</Opcode><Keywords>0x8000000000000000</Keywords><TimeCreated SystemTime="2024-08-09T15:43:58.000000000Z" /><EventRecordID>13204</EventRecordID><Correlation /><Execution ProcessID="3500" ThreadID="1904" /><Channel>Microsoft-Windows-Sysmon/Operational</Channel><Computer>host82</Computer><Security UserID="S-1-5-18" /></System><EventData><Data Name="RuleName">-</Data><Data Name="UtcTime">2024-08-09 15:43:58.000</Data><Data Name="ProcessGuid">{ff9115ad-7aff-6078-4000-000000002c00}</Data><Data Name="ProcessId">3292</Data><Data Name="QueryName">muhqlytivnwcnbrlcqpw.defcon.org</Data><Data Name="QueryStatus">0</Data><Data Name="QueryResults">192.168.0.42</Data><Data Name="Image">C:\Program Files\Supercharger Controller\Mtg.Supercharger.ControllerService.exe</Data></EventData></Event>
<Event xmlns="http://schemas.microsoft.com/win/2004/08/events/event"><System><Provider Name="Microsoft-Windows-Sysmon" Guid="{5770385F-C22A-43E0-BF4C-06F5698FFBD9}" /><EventID>22</EventID><Version>5</Version><Level>4</Level><Task>22</Task><Opcode>0</Opcode><Keywords>0x8000000000000000</Keywords><TimeCreated SystemTime="2024-08-09T15:43:58.000000000Z" /><EventRecordID>13205</EventRecordID><Correlation /><Execution ProcessID="3500" ThreadID="1904" /><Channel>Microsoft-Windows-Sysmon/Operational</Channel><Computer>host82</Computer><Security UserID="S-1-5-18" /></System><EventData><Data Name="RuleName">-</Data><Data Name="UtcTime">2024-08-09 15:43:58.000</Data><Data Name="ProcessGuid">{ff9115ad-7aff-6078-4000-000000002c00}</Data><Data Name="ProcessId">3292</Data><Data Name="QueryName">getcgntjmzdzeyajjscw.defcon.org</Data><Data Name="QueryStatus">0</Data><Data Name="QueryResults">1.1.1.1</Data><Data Name="Image">C:\Program Files\Supercharger Controller\Mtg.Supercharger.ControllerService.exe</Data></EventData></Event>
<Event xmlns="http://schemas.microsoft.com/win/2004/08/events/event"><System><Provider Name="Microsoft-Windows-Sysmon" Guid="{5770385F-C22A-43E0-BF4C-06F5698FFBD9}" /><EventID>22</EventID><Version>5</Version><Level>4</Level><Task>22</Task><Opcode>0</Opcode><Keywords>0x8000000000000000</Keywords><TimeCreated SystemTime="2024-08-09T15:43:58.000000000Z" /><EventRecordID>13206</EventRecordID><Correlation /><Execution ProcessID="3500" ThreadID="1904" /><Channel>Microsoft-Windows-Sysmon/Operational</Channel><Computer>host82</Computer><Security UserID="S-1-5-18" /></System><EventData><Data Name="RuleName">-</Data><Data Name="UtcTime">2024-08-09 15:43:58.000</Data><Data Name="ProcessGuid">{ff9115ad-7aff-6078-4000-000000002c00}</Data><Data Name="ProcessId">3292</Data><Data Name="QueryName">getcgntjmzdzeyajjscw.defcon.org</Data><Data Name="QueryStatus">0</Data><Data Name="QueryResults">192.168.0.42</Data><Data Name="Image">C:\Program Files\Supercharger Controller\Mtg.Supercharger.ControllerService.exe</Data></EventData></Event>
<Event xmlns="http://schemas.microsoft.com/win/2004/08/events/event"><System><Provider Name="Microsoft-Windows-Sysmon" Guid="{5770385F-C22A-43E0-BF4C-06F5698FFBD9}" /><EventID>22</EventID><Version>5</Version><Level>4</Level><Task>22</Task><Opcode>0</Opcode><Keywords>0x8000000000000000</Keywords><TimeCreated SystemTime="2024-08-09T15:43:58.000000000Z" /><EventRecordID>13207</EventRecordID><Correlation /><Execution ProcessID="3500" ThreadID="1904" /><Channel>Microsoft-Windows-Sysmon/Operational</Channel><Computer>host82</Computer><Security UserID="S-1-5-18" /></System><EventData><Data Name="RuleName">-</Data><Data Name="UtcTime">2024-08-09 15:43:58.000</Data><Data Name="ProcessGuid">{ff9115ad-7aff-6078-4000-000000002c00}</Data><Data Name="ProcessId">3292</Data><Data Name="QueryName">wgjhiwbyxmukffhwqlvd.defcon.org</Data><Data Name="QueryStatus">0</Data><Data Name="QueryResults">1.1.1.1</Data><Data Name="Image">C:\Program Files\Supercharger Controller\Mtg.Supercharger.ControllerService.exe</Data></EventData></Event>
<Event xmlns="http://schemas.microsoft.com/win/2004/08/events/event"><System><Provider Name="Microsoft-Windows-Sysmon" Guid="{5770385F-C22A-43E0-BF4C-06F5698FFBD9}" /><EventID>22</EventID><Version>5</Version><Level>4</Level><Task>22</Task><Opcode>0</Opcode><Keywords>0x8000000000000000</Keywords><TimeCreated SystemTime="2024-08-09T15:43:58.000000000Z" /><EventRecordID>13208</EventRecordID><Correlation /><Execution ProcessID="3500" ThreadID="1904" /><Channel>Microsoft-Windows-Sysmon/Operational</Channel><Computer>host82</Computer><Security UserID="S-1-5-18" /></System><EventData><Data Name="RuleName">-</Data><Data Name="UtcTime">2024-08-09 15:43:58.000</Data><Data Name="ProcessGuid">{ff9115ad-7aff-6078-4000-000000002c00}</Data><Data Name="ProcessId">3292</Data><Data Name="QueryName">wgjhiwbyxmukffhwqlvd.defcon.org</Data><Data Name="QueryStatus">0</Data><Data Name="QueryResults">192.168.0.42</Data><Data Name="Image">C:\Program Files\Supercharger Controller\Mtg.Supercharger.ControllerService.exe</Data></EventData></Event>
<Event xmlns="http://schemas.microsoft.com/win/2004/08/events/event"><System><Provider Name="Microsoft-Windows-Sysmon" Guid="{5770385F-C22A-43E0-BF4C-06F5698FFBD9}" /><EventID>22</EventID><Version>5</Version><Level>4</Level><Task>22</Task><Opcode>0</Opcode><Keywords>0x8000000000000000</Keywords><TimeCreated SystemTime="2024-08-09T15:43:58.000000000Z" /><EventRecordID>13209</EventRecordID><Correlation /><Execution ProcessID="3500" ThreadID="1904" /><Channel>Microsoft-Windows-Sysmon/Operational</Channel><Computer>host82</Computer><Security UserID="S-1-5-18" /></System><EventData><Data Name="RuleName">-</Data><Data Name="UtcTime">2024-08-09 15:43:58.000</Data><Data Name="ProcessGuid">{ff9115ad-7aff-6078-4000-000000002c00}</Data><Data Name="ProcessId">3292</Data><Data Name="QueryName">mqsuhlvkzzecbqfomzay.defcon.org</Data><Data Name="QueryStatus">0</Data><Data Name="QueryResults">1.1.1.1</Data><Data Name="Image">C:\Program Files\Supercharger Controller\Mtg.Supercharger.ControllerService.exe</Data></EventData></Event>
<Event xmlns="http://schemas.microsoft.com/win/2004/08/events/event"><System><Provider Name="Microsoft-Windows-Sysmon" Guid="{5770385F-C22A-43E0-BF4C-06F5698FFBD9}" /><EventID>22</EventID><Version>5</Version><Level>4</Level><Task>22</Task><Opcode>0</Opcode><Keywords>0x8000000000000000</Keywords><TimeCreated SystemTime="2024-08-09T15:43:58.000000000Z" /><EventRecordID>13210</EventRecordID><Correlation /><Execution ProcessID="3500" ThreadID="1904" /><Channel>Microsoft-Windows-Sysmon/Operational</Channel><Computer>host82</Computer><Security UserID="S-1-5-18" /></System><EventData><Data Name="RuleName">-</Data><Data Name="UtcTime">2024-08-09 15:43:58.000</Data><Data Name="ProcessGuid">{ff9115ad-7aff-6078-4000-000000002c00}</Data><Data Name="ProcessId">3292</Data><Data Name="QueryName">mqsuhlvkzzecbqfomzay.defcon.org</Data><Data Name="QueryStatus">0</Data><Data Name="QueryResults">192.168.0.42</Data><Data Name="Image">C:\Program Files\Supercharger Controller\Mtg.Supercharger.ControllerService.exe</Data></EventData></Event>
<Event xmlns="http://schemas.microsoft.com/win/2004/08/events/event"><System><Provider Name="Microsoft-Windows-Sysmon" Guid="{5770385F-C22A-43E0-BF4C-06F5698FFBD9}" /><EventID>22</EventID><Version>5</Version><Level>4</Level><Task>22</Task><Opcode>0</Opcode><Keywords>0x8000000000000000</Keywords><TimeCreated SystemTime="2024-08-09T15:43:58.000000000Z" /><EventRecordID>13211</EventRecordID><Correlation /><Execution ProcessID="3500" ThreadID="1904" /><Channel>Microsoft-Windows-Sysmon/Operational</Channel><Computer>host82</Computer><Security UserID="S-1-5-18" /></System><EventData><Data Name="RuleName">-</Data><Data Name="UtcTime">2024-08-09 15:43:58.000</Data><Data Name="ProcessGuid">{ff9115ad-7aff-6078-4000-000000002c00}</Data><Data Name="ProcessId">3292</Data><Data Name="QueryName">apvypkrlsxfqvywiduxh.defcon.org</Data><Data Name="QueryStatus">0</Data><Data Name="QueryResults">1.1.1.1</Data><Data Name="Image">C:\Program Files\Supercharger Controller\Mtg.Supercharger.ControllerService.exe</Data></EventData></Event>
<Event xmlns="http://schemas.microsoft.com/win/2004/08/events/event"><System><Provider Name="Microsoft-Windows-Sysmon" Guid="{5770385F-C22A-43E0-BF4C-06F5698FFBD9}" /><EventID>22</EventID><Version>5</Version><Level>4</Level><Task>22</Task><Opcode>0</Opcode><Keywords>0x8000000000000000</Keywords><TimeCreated SystemTime="2024-08-09T15:43:58.000000000Z" /><EventRecordID>13212</EventRecordID><Correlation /><Execution ProcessID="3500" ThreadID="1904" /><Channel>Microsoft-Windows-Sysmon/Operational</Channel><Computer>host82</Computer><Security UserID="S-1-5-18" /></System><EventData><Data Name="RuleName">-</Data><Data Name="UtcTime">2024-08-09 15:43:58.000</Data><Data Name="ProcessGuid">{ff9115ad-7aff-6078-4000-000000002c00}</Data><Data Name="ProcessId">3292</Data><Data Name="QueryName">apvypkrlsxfqvywiduxh.defcon.org</Data><Data Name="QueryStatus">0</Data><Data Name="QueryResults">192.168.0.42</Data><Data Name="Image">C:\Program Files\Supercharger Controller\Mtg.Supercharger.ControllerService.exe</Data></EventData></Event>
<Event xmlns="http://schemas.microsoft.com/win/2004/08/events/event"><System><Provider Name="Microsoft-Windows-Sysmon" Guid="{5770385F-C22A-43E0-BF4C-06F5698FFBD9}" /><EventID>22</EventID><Version>5</Version><Level>4</Level><Task>22</Task><Opcode>0</Opcode><Keywords>0x8000000000000000</Keywords><TimeCreated SystemTime="2024-08-09T15:43:58.000000000Z" /><EventRecordID>13213</EventRecordID><Correlation /><Execution ProcessID="3500" ThreadID="1904" /><Channel>Microsoft-Windows-Sysmon/Operational</Channel><Computer>host82</Computer><Security UserID="S-1-5-18" /></System><EventData><Data Name="RuleName">-</Data><Data Name="UtcTime">2024-08-09 15:43:58.000</Data><Data Name="ProcessGuid">{ff9115ad-7aff-6078-4000-000000002c00}</Data><Data Name="ProcessId">3292</Data><Data Name="QueryName">xwsffjgcqylbbeygchvb.defcon.org</Data><Data Name="QueryStatus">0</Data><Data Name="QueryResults">1.1.1.1</Data><Data Name="Image">C:\Program Files\Supercharger Controller\Mtg.Supercharger.ControllerService.exe</Data></EventData></Event>
<Event xmlns="http://schemas.microsoft.com/win/2004/08/events/event"><System><Provider Name="Microsoft-Windows-Sysmon" Guid="{5770385F-C22A-43E0-BF4C-06F5698FFBD9}" /><EventID>22</EventID><Version>5</Version><Level>4</Level><Task>22</Task><Opcode>0</Opcode><Keywords>0x8000000000000000</Keywords><TimeCreated SystemTime="2024-08-09T15:43:58.000000000Z" /><EventRecordID>13214</EventRecordID><Correlation /><Execution ProcessID="3500" ThreadID="1904" /><Channel>Microsoft-Windows-Sysmon/Operational</Channel><Computer>host82</Computer><Security UserID="S-1-5-18" /></System><EventData><Data Name="RuleName">-</Data><Data Name="UtcTime">2024-08-09 15:43:58.000</Data><Data Name="ProcessGuid">{ff9115ad-7aff-6078-4000-000000002c00}</Data><Data Name="ProcessId">3292</Data><Data Name="QueryName">xwsffjgcqylbbeygchvb.defcon.org</Data><Data Name="QueryStatus">0</Data><Data Name="QueryResults">192.168.0.42</Data><Data Name="Image">C:\Program Files\Supercharger Controller\Mtg.Supercharger.ControllerService.exe</Data></EventData></Event>
<Event xmlns="http://schemas.microsoft.com/win/2004/08/events/event"><System><Provider Name="Microsoft-Windows-Sysmon" Guid="{5770385F-C22A-43E0-BF4C-06F5698FFBD9}" /><EventID>22</EventID><Version>5</Version><Level>4</Level><Task>22</Task><Opcode>0</Opcode><Keywords>0x8000000000000000</Keywords><TimeCreated SystemTime="2024-08-09T15:43:58.000000000Z" /><EventRecordID>13215</EventRecordID><Correlation /><Execution ProcessID="3500" ThreadID="1904" /><Channel>Microsoft-Windows-Sysmon/Operational</Channel><Computer>host82</Computer><Security UserID="S-1-5-18" /></System><EventData><Data Name="RuleName">-</Data><Data Name="UtcTime">2024-08-09 15:43:58.000</Data><Data Name="ProcessGuid">{ff9115ad-7aff-6078-4000-000000002c00}</Data><Data Name="ProcessId">3292</Data><Data Name="QueryName">cwiolxpduroblgquuawr.defcon.org</Data><Data Name="QueryStatus">0</Data><Data Name="QueryResults">1.1.1.1</Data><Data Name="Image">C:\Program Files\Supercharger Controller\Mtg.Supercharger.ControllerService.exe</Data></EventData></Event>
<Event xmlns="http://schemas.microsoft.com/win/2004/08/events/event"><System><Provider Name="Microsoft-Windows-Sysmon" Guid="{5770385F-C22A-43E0-BF4C-06F5698FFBD9}" /><EventID>22</EventID><Version>5</Version><Level>4</Level><Task>22</Task><Opcode>0</Opcode><Keywords>0x8000000000000000</Keywords><TimeCreated SystemTime="2024-08-09T15:43:58.000000000Z" /><EventRecordID>13216</EventRecordID><Correlation /><Execution ProcessID="3500" ThreadID="1904" /><Channel>Microsoft-Windows-Sysmon/Operational</Channel><Computer>host82</Computer><Security UserID="S-1-5-18" /></System><EventData><Data Name="RuleName">-</Data><Data Name="UtcTime">2024-08-09 15:43:58.000</Data><Data Name="ProcessGuid">{ff9115ad-7aff-6078-4000-000000002c00}</Data><Data Name="ProcessId">3292</Data><Data Name="QueryName">cwiolxpduroblgquuawr.defcon.org</Data><Data Name="QueryStatus">0</Data><Data Name="QueryResults">192.168.0.42</Data><Data Name="Image">C:\Program Files\Supercharger Controller\Mtg.Supercharger.ControllerService.exe</Data></EventData></Event>
<Event xmlns="http://schemas.microsoft.com/win/2004/08/events/event"><System><Provider Name="Microsoft-Windows-Sysmon" Guid="{5770385F-C22A-43E0-BF4C-06F5698FFBD9}" /><EventID>22</EventID><Version>5</Version><Level>4</Level><Task>22</Task><Opcode>0</Opcode><Keywords>0x8000000000000000</Keywords><TimeCreated SystemTime="2024-08-09T15:43:58.000000000Z" /><EventRecordID>13217</EventRecordID><Correlation /><Execution ProcessID="3500" ThreadID="1904" /><Channel>Microsoft-Windows-Sysmon/Operational</Channel><Computer>host82</Computer><Security UserID="S-1-5-18" /></System><EventData><Data Name="RuleName">-</Data><Data Name="UtcTime">2024-08-09 15:43:58.000</Data><Data Name="ProcessGuid">{ff9115ad-7aff-6078-4000-000000002c00}</Data><Data Name="ProcessId">3292</Data><Data Name="QueryName">nruarlrdvsxzizuhnixp.defcon.org</Data><Data Name="QueryStatus">0</Data><Data Name="QueryResults">1.1.1.1</Data><Data Name="Image">C:\Program Files\Supercharger Controller\Mtg.Supercharger.ControllerService.exe</Data></EventData></Event>
<Event xmlns="http://schemas.microsoft.com/win/2004/08/events/event"><System><Provider Name="Microsoft-Windows-Sysmon" Guid="{5770385F-C22A-43E0-BF4C-06F5698FFBD9}" /><EventID>22</EventID><Version>5</Version><Level>4</Level><Task>22</Task><Opcode>0</Opcode><Keywords>0x8000000000000000</Keywords><TimeCreated SystemTime="2024-08-09T15:43:58.000000000Z" /><EventRecordID>13218</EventRecordID><Correlation /><Execution ProcessID="3500" ThreadID="1904" /><Channel>Microsoft-Windows-Sysmon/Operational</Channel><Computer>host82</Computer><Security UserID="S-1-5-18" /></System><EventData><Data Name="RuleName">-</Data><Data Name="UtcTime">2024-08-09 15:43:58.000</Data><Data Name="ProcessGuid">{ff9115ad-7aff-6078-4000-000000002c00}</Data><Data Name="ProcessId">3292</Data><Data Name="QueryName">nruarlrdvsxzizuhnixp.defcon.org</Data><Data Name="QueryStatus">0</Data><Data Name="QueryResults">192.168.0.42</Data><Data Name="Image">C:\Program Files\Supercharger Controller\Mtg.Supercharger.ControllerService.exe</Data></EventData></Event>
<Event xmlns="http://schemas.microsoft.com/win/2004/08/events/event"><System><Provider Name="Microsoft-Windows-Sysmon" Guid="{5770385F-C22A-43E0-BF4C-06F5698FFBD9}" /><EventID>22</EventID><Version>5</Version><Level>4</Level><Task>22</Task><Opcode>0</Opcode><Keywords>0x8000000000000000</Keywords><TimeCreated SystemTime="2024-08-09T15:43:58.000000000Z" /><EventRecordID>13219</EventRecordID><Correlation /><Execution ProcessID="3500" ThreadID="1904" /><Channel>Microsoft-Windows-Sysmon/Operational</Channel><Computer>host82</Computer><Security UserID="S-1-5-18" /></System><EventData><Data Name="RuleName">-</Data><Data Name="UtcTime">2024-08-09 15:43:58.000</Data><Data Name="ProcessGuid">{ff9115ad-7aff-6078-4000-000000002c00}</Data><Data Name="ProcessId">3292</Data><Data Name="QueryName">elvoqfresaymwlxixwyx.defcon.org</Data><Data Name="QueryStatus">0</Data><Data Name="QueryResults">1.1.1.1</Data><Data Name="Image">C:\Program Files\Supercharger Controller\Mtg.Supercharger.ControllerService.exe</Data></EventData></Event>
<Event xmlns="http://schemas.microsoft.com/win/2004/08/events/event"><System><Provider Name="Microsoft-Windows-Sysmon" Guid="{5770385F-C22A-43E0-BF4C-06F5698FFBD9}" /><EventID>22</EventID><Version>5</Version><Level>4</Level><Task>22</Task><Opcode>0</Opcode><Keywords>0x8000000000000000</Keywords><TimeCreated SystemTime="2024-08-09T15:43:58.000000000Z" /><EventRecordID>13220</EventRecordID><Correlation /><Execution ProcessID="3500" ThreadID="1904" /><Channel>Microsoft-Windows-Sysmon/Operational</Channel><Computer>host82</Computer><Security UserID="S-1-5-18" /></System><EventData><Data Name="RuleName">-</Data><Data Name="UtcTime">2024-08-09 15:43:58.000</Data><Data Name="ProcessGuid">{ff9115ad-7aff-6078-4000-000000002c00}</Data><Data Name="ProcessId">3292</Data><Data Name="QueryName">elvoqfresaymwlxixwyx.defcon.org</Data><Data Name="QueryStatus">0</Data><Data Name="QueryResults">192.168.0.42</Data><Data Name="Image">C:\Program Files\Supercharger Controller\Mtg.Supercharger.ControllerService.exe</Data></EventData></Event>
<Event xmlns="http://schemas.microsoft.com/win/2004/08/events/event"><System><Provider Name="Microsoft-Windows-Sysmon" Guid="{5770385F-C22A-43E0-BF4C-06F5698FFBD9}" /><EventID>22</EventID><Version>5</Version><Level>4</Level><Task>22</Task><Opcode>0</Opcode><Keywords>0x8000000000000000</Keywords><TimeCreated SystemTime="2024-08-09T15:43:58.000000000Z" /><EventRecordID>13221</EventRecordID><Correlation /><Execution ProcessID="3500" ThreadID="1904" /><Channel>Microsoft-Windows-Sysmon/Operational</Channel><Computer>host82</Computer><Security UserID="S-1-5-18" /></System><EventData><Data Name="RuleName">-</Data><Data Name="UtcTime">2024-08-09 15:43:58.000</Data><Data Name="ProcessGuid">{ff9115ad-7aff-6078-4000-000000002c00}</Data><Data Name="ProcessId">3292</Data><Data Name="QueryName">gomwftilbrheorbelcxy.defcon.org</Data><Data Name="QueryStatus">0</Data><Data Name="QueryResults">1.1.1.1</Data><Data Name="Image">C:\Program Files\Supercharger Controller\Mtg.Supercharger.ControllerService.exe</Data></EventData></Event>
<Event xmlns="http://schemas.microsoft.com/win/2004/08/events/event"><System><Provider Name="Microsoft-Windows-Sysmon" Guid="{5770385F-C22A-43E0-BF4C-06F5698FFBD9}" /><EventID>22</EventID><Version>5</Version><Level>4</Level><Task>22</Task><Opcode>0</Opcode><Keywords>0x8000000000000000</Keywords><TimeCreated SystemTime="2024-08-09T15:43:58.000000000Z" /><EventRecordID>13222</EventRecordID><Correlation /><Execution ProcessID="3500" ThreadID="1904" /><Channel>Microsoft-Windows-Sysmon/Operational</Channel><Computer>host82</Computer><Security UserID="S-1-5-18" /></System><EventData><Data Name="RuleName">-</Data><Data Name="UtcTime">2024-08-09 15:43:58.000</Data><Data Name="ProcessGuid">{ff9115ad-7aff-6078-4000-000000002c00}</Data><Data Name="ProcessId">3292</Data><Data Name="QueryName">gomwftilbrheorbelcxy.defcon.org</Data><Data Name="QueryStatus">0</Data><Data Name="QueryResults">192.168.0.42</Data><Data Name="Image">C:\Program Files\Supercharger Controller\Mtg.Supercharger.ControllerService.exe</Data></EventData></Event>
